# JRE version: Java(TM) SE Runtime Environment (8.0_151-b12) (build 1.8.0_151-b12)
# Java VM: Java HotSpot(TM) 64-Bit Server VM (25.151-b12 mixed mode linux-amd64 compressed oops)
Heap:
 PSYoungGen      total 247808K, used 39423K [0x00000000d7980000, 0x00000000e8c00000, 0x0000000100000000)
  eden space 221696K, 14% used [0x00000000d7980000,0x00000000d9998858,0x00000000e5200000)
  from space 26112K, 25% used [0x00000000e7280000,0x00000000e78e74a8,0x00000000e8c00000)
  to   space 29696K, 0% used [0x00000000e5200000,0x00000000e5200000,0x00000000e6f00000)
 ParOldGen       total 136192K, used 54794K [0x0000000086c00000, 0x000000008f100000, 0x00000000d7980000)
  object space 136192K, 40% used [0x0000000086c00000,0x000000008a182a60,0x000000008f100000)
 Metaspace       used 58640K, capacity 60396K, committed 60544K, reserved 1101824K
  class space    used 7943K, capacity 8305K, committed 8320K, reserved 1048576K
GC Heap History (10 events):
Event: 27.909 GC heap before
{Heap before GC invocations=38 (full 3):
 PSYoungGen      total 205312K, used 176128K [0x00000000d7980000, 0x00000000e6380000, 0x0000000100000000)
  eden space 176128K, 100% used [0x00000000d7980000,0x00000000e2580000,0x00000000e2580000)
  from space 29184K, 0% used [0x00000000e4380000,0x00000000e4380000,0x00000000e6000000)
  to   space 30720K, 0% used [0x00000000e2580000,0x00000000e2580000,0x00000000e4380000)
 ParOldGen       total 179712K, used 97806K [0x0000000086c00000, 0x0000000091b80000, 0x00000000d7980000)
  object space 179712K, 54% used [0x0000000086c00000,0x000000008cb83ab0,0x0000000091b80000)
 Metaspace       used 31622K, capacity 32166K, committed 32640K, reserved 1077248K
  class space    used 4048K, capacity 4217K, committed 4224K, reserved 1048576K
Event: 27.919 GC heap after
Heap after GC invocations=38 (full 3):
 PSYoungGen      total 206848K, used 8363K [0x00000000d7980000, 0x00000000e7900000, 0x0000000100000000)
  eden space 176128K, 0% used [0x00000000d7980000,0x00000000d7980000,0x00000000e2580000)
  from space 30720K, 27% used [0x00000000e2580000,0x00000000e2daafa0,0x00000000e4380000)
  to   space 29696K, 0% used [0x00000000e5c00000,0x00000000e5c00000,0x00000000e7900000)
 ParOldGen       total 179712K, used 97814K [0x0000000086c00000, 0x0000000091b80000, 0x00000000d7980000)
  object space 179712K, 54% used [0x0000000086c00000,0x000000008cb85ab0,0x0000000091b80000)
 Metaspace       used 31622K, capacity 32166K, committed 32640K, reserved 1077248K
  class space    used 4048K, capacity 4217K, committed 4224K, reserved 1048576K
}
Event: 47.336 GC heap before
{Heap before GC invocations=39 (full 3):
 PSYoungGen      total 206848K, used 179699K [0x00000000d7980000, 0x00000000e7900000, 0x0000000100000000)
  eden space 176128K, 97% used [0x00000000d7980000,0x00000000e20d2058,0x00000000e2580000)
  from space 30720K, 27% used [0x00000000e2580000,0x00000000e2daafa0,0x00000000e4380000)
  to   space 29696K, 0% used [0x00000000e5c00000,0x00000000e5c00000,0x00000000e7900000)
 ParOldGen       total 179712K, used 97814K [0x0000000086c00000, 0x0000000091b80000, 0x00000000d7980000)
  object space 179712K, 54% used [0x0000000086c00000,0x000000008cb85ab0,0x0000000091b80000)
 Metaspace       used 42784K, capacity 43444K, committed 43904K, reserved 1087488K
  class space    used 5471K, capacity 5651K, committed 5760K, reserved 1048576K
Event: 47.361 GC heap after
Heap after GC invocations=39 (full 3):
 PSYoungGen      total 221696K, used 11138K [0x00000000d7980000, 0x00000000e7200000, 0x0000000100000000)
  eden space 199168K, 0% used [0x00000000d7980000,0x00000000d7980000,0x00000000e3c00000)
  from space 22528K, 49% used [0x00000000e5c00000,0x00000000e66e0898,0x00000000e7200000)
  to   space 27648K, 0% used [0x00000000e3c00000,0x00000000e3c00000,0x00000000e5700000)
 ParOldGen       total 179712K, used 101914K [0x0000000086c00000, 0x0000000091b80000, 0x00000000d7980000)
  object space 179712K, 56% used [0x0000000086c00000,0x000000008cf868a0,0x0000000091b80000)
 Metaspace       used 42784K, capacity 43444K, committed 43904K, reserved 1087488K
  class space    used 5471K, capacity 5651K, committed 5760K, reserved 1048576K
}
Event: 47.361 GC heap before
{Heap before GC invocations=40 (full 4):
 PSYoungGen      total 221696K, used 11138K [0x00000000d7980000, 0x00000000e7200000, 0x0000000100000000)
  eden space 199168K, 0% used [0x00000000d7980000,0x00000000d7980000,0x00000000e3c00000)
  from space 22528K, 49% used [0x00000000e5c00000,0x00000000e66e0898,0x00000000e7200000)
  to   space 27648K, 0% used [0x00000000e3c00000,0x00000000e3c00000,0x00000000e5700000)
 ParOldGen       total 179712K, used 101914K [0x0000000086c00000, 0x0000000091b80000, 0x00000000d7980000)
  object space 179712K, 56% used [0x0000000086c00000,0x000000008cf868a0,0x0000000091b80000)
 Metaspace       used 42784K, capacity 43444K, committed 43904K, reserved 1087488K
  class space    used 5471K, capacity 5651K, committed 5760K, reserved 1048576K
Event: 47.443 GC heap after
Heap after GC invocations=40 (full 4):
 PSYoungGen      total 221696K, used 0K [0x00000000d7980000, 0x00000000e7200000, 0x0000000100000000)
  eden space 199168K, 0% used [0x00000000d7980000,0x00000000d7980000,0x00000000e3c00000)
  from space 22528K, 0% used [0x00000000e5c00000,0x00000000e5c00000,0x00000000e7200000)
  to   space 27648K, 0% used [0x00000000e3c00000,0x00000000e3c00000,0x00000000e5700000)
 ParOldGen       total 136192K, used 39597K [0x0000000086c00000, 0x000000008f100000, 0x00000000d7980000)
  object space 136192K, 29% used [0x0000000086c00000,0x00000000892ab468,0x000000008f100000)
 Metaspace       used 42784K, capacity 43444K, committed 43904K, reserved 1087488K
  class space    used 5471K, capacity 5651K, committed 5760K, reserved 1048576K
}
Event: 70.949 GC heap before
{Heap before GC invocations=41 (full 4):
 PSYoungGen      total 221696K, used 199168K [0x00000000d7980000, 0x00000000e7200000, 0x0000000100000000)
  eden space 199168K, 100% used [0x00000000d7980000,0x00000000e3c00000,0x00000000e3c00000)
  from space 22528K, 0% used [0x00000000e5c00000,0x00000000e5c00000,0x00000000e7200000)
  to   space 27648K, 0% used [0x00000000e3c00000,0x00000000e3c00000,0x00000000e5700000)
 ParOldGen       total 136192K, used 39597K [0x0000000086c00000, 0x000000008f100000, 0x00000000d7980000)
  object space 136192K, 29% used [0x0000000086c00000,0x00000000892ab7c0,0x000000008f100000)
 Metaspace       used 54649K, capacity 56266K, committed 56448K, reserved 1097728K
  class space    used 7447K, capacity 7778K, committed 7808K, reserved 1048576K
Event: 70.965 GC heap after
Heap after GC invocations=41 (full 4):
 PSYoungGen      total 226816K, used 22834K [0x00000000d7980000, 0x00000000e9000000, 0x0000000100000000)
  eden space 199168K, 0% used [0x00000000d7980000,0x00000000d7980000,0x00000000e3c00000)
  from space 27648K, 82% used [0x00000000e3c00000,0x00000000e524c9b8,0x00000000e5700000)
  to   space 30208K, 0% used [0x00000000e7280000,0x00000000e7280000,0x00000000e9000000)
 ParOldGen       total 136192K, used 39605K [0x0000000086c00000, 0x000000008f100000, 0x00000000d7980000)
  object space 136192K, 29% used [0x0000000086c00000,0x00000000892ad7c0,0x000000008f100000)
 Metaspace       used 54649K, capacity 56266K, committed 56448K, reserved 1097728K
  class space    used 7447K, capacity 7778K, committed 7808K, reserved 1048576K
}
Event: 358.571 GC heap before
{Heap before GC invocations=42 (full 4):
 PSYoungGen      total 226816K, used 222002K [0x00000000d7980000, 0x00000000e9000000, 0x0000000100000000)
  eden space 199168K, 100% used [0x00000000d7980000,0x00000000e3c00000,0x00000000e3c00000)
  from space 27648K, 82% used [0x00000000e3c00000,0x00000000e524c9b8,0x00000000e5700000)
  to   space 30208K, 0% used [0x00000000e7280000,0x00000000e7280000,0x00000000e9000000)
 ParOldGen       total 136192K, used 39607K [0x0000000086c00000, 0x000000008f100000, 0x00000000d7980000)
  object space 136192K, 29% used [0x0000000086c00000,0x00000000892adff8,0x000000008f100000)
 Metaspace       used 58628K, capacity 60396K, committed 60544K, reserved 1101824K
  class space    used 7942K, capacity 8305K, committed 8320K, reserved 1048576K
Event: 359.074 GC heap after
Heap after GC invocations=42 (full 4):
 PSYoungGen      total 247808K, used 6557K [0x00000000d7980000, 0x00000000e8c00000, 0x0000000100000000)
  eden space 221696K, 0% used [0x00000000d7980000,0x00000000d7980000,0x00000000e5200000)
  from space 26112K, 25% used [0x00000000e7280000,0x00000000e78e74a8,0x00000000e8c00000)
  to   space 29696K, 0% used [0x00000000e5200000,0x00000000e5200000,0x00000000e6f00000)
 ParOldGen       total 136192K, used 54794K [0x0000000086c00000, 0x000000008f100000, 0x00000000d7980000)
  object space 136192K, 40% used [0x0000000086c00000,0x000000008a182a60,0x000000008f100000)
 Metaspace       used 58628K, capacity 60396K, committed 60544K, reserved 1101824K
  class space    used 7942K, capacity 8305K, committed 8320K, reserved 1048576K
}

